# JRE version: Java(TM) SE Runtime Environment (13.0.1+9) (build 13.0.1+9)
# Java VM: Java HotSpot(TM) 64-Bit Server VM (13.0.1+9, mixed mode, sharing, tiered, compressed oops, g1 gc, windows-amd64)
Heap:
 garbage-first heap   total 294912K, used 172443K [0x0000000701c00000, 0x0000000800000000)
  region size 1024K, 21 young (21504K), 1 survivors (1024K)
 Metaspace       used 7196K, capacity 8070K, committed 8320K, reserved 1056768K
  class space    used 733K, capacity 854K, committed 896K, reserved 1048576K
GC Heap History (8 events):
Event: 0.510 GC heap before
{Heap before GC invocations=0 (full 0):
 garbage-first heap   total 262144K, used 14336K [0x0000000701c00000, 0x0000000800000000)
  region size 1024K, 14 young (14336K), 0 survivors (0K)
 Metaspace       used 3601K, capacity 5477K, committed 5632K, reserved 1056768K
  class space    used 319K, capacity 483K, committed 512K, reserved 1048576K
}
Event: 0.514 GC heap after
{Heap after GC invocations=1 (full 0):
 garbage-first heap   total 262144K, used 4252K [0x0000000701c00000, 0x0000000800000000)
  region size 1024K, 2 young (2048K), 2 survivors (2048K)
 Metaspace       used 3601K, capacity 5477K, committed 5632K, reserved 1056768K
  class space    used 319K, capacity 483K, committed 512K, reserved 1048576K
}
Event: 1.129 GC heap before
{Heap before GC invocations=1 (full 0):
 garbage-first heap   total 262144K, used 157852K [0x0000000701c00000, 0x0000000800000000)
  region size 1024K, 153 young (156672K), 2 survivors (2048K)
 Metaspace       used 6327K, capacity 7401K, committed 7424K, reserved 1056768K
  class space    used 643K, capacity 763K, committed 768K, reserved 1048576K
}
Event: 1.170 GC heap after
{Heap after GC invocations=2 (full 0):
 garbage-first heap   total 294912K, used 137545K [0x0000000701c00000, 0x0000000800000000)
  region size 1024K, 20 young (20480K), 20 survivors (20480K)
 Metaspace       used 6327K, capacity 7401K, committed 7424K, reserved 1056768K
  class space    used 643K, capacity 763K, committed 768K, reserved 1048576K
}
Event: 1.212 GC heap before
{Heap before GC invocations=2 (full 0):
 garbage-first heap   total 294912K, used 155977K [0x0000000701c00000, 0x0000000800000000)
  region size 1024K, 38 young (38912K), 20 survivors (20480K)
 Metaspace       used 6442K, capacity 7509K, committed 7808K, reserved 1056768K
  class space    used 658K, capacity 798K, committed 896K, reserved 1048576K
}
Event: 1.222 GC heap after
{Heap after GC invocations=3 (full 0):
 garbage-first heap   total 294912K, used 151066K [0x0000000701c00000, 0x0000000800000000)
  region size 1024K, 5 young (5120K), 5 survivors (5120K)
 Metaspace       used 6442K, capacity 7509K, committed 7808K, reserved 1056768K
  class space    used 658K, capacity 798K, committed 896K, reserved 1048576K
}
Event: 1.321 GC heap before
{Heap before GC invocations=3 (full 0):
 garbage-first heap   total 294912K, used 162330K [0x0000000701c00000, 0x0000000800000000)
  region size 1024K, 16 young (16384K), 5 survivors (5120K)
 Metaspace       used 6901K, capacity 7821K, committed 8064K, reserved 1056768K
  class space    used 718K, capacity 836K, committed 896K, reserved 1048576K
}
Event: 1.323 GC heap after
{Heap after GC invocations=4 (full 0):
 garbage-first heap   total 294912K, used 152987K [0x0000000701c00000, 0x0000000800000000)
  region size 1024K, 1 young (1024K), 1 survivors (1024K)
 Metaspace       used 6901K, capacity 7821K, committed 8064K, reserved 1056768K
  class space    used 718K, capacity 836K, committed 896K, reserved 1048576K
}

