# JRE version: Java(TM) SE Runtime Environment (13.0.1+9) (build 13.0.1+9)
# Java VM: Java HotSpot(TM) 64-Bit Server VM (13.0.1+9, mixed mode, sharing, tiered, compressed oops, g1 gc, windows-amd64)
Heap:
 garbage-first heap   total 293888K, used 158720K [0x0000000701c00000, 0x0000000800000000)
  region size 1024K, 14 young (14336K), 5 survivors (5120K)
 Metaspace       used 6675K, capacity 7641K, committed 7808K, reserved 1056768K
  class space    used 692K, capacity 820K, committed 896K, reserved 1048576K
GC Heap History (6 events):
Event: 0.606 GC heap before
{Heap before GC invocations=0 (full 0):
 garbage-first heap   total 262144K, used 14336K [0x0000000701c00000, 0x0000000800000000)
  region size 1024K, 14 young (14336K), 0 survivors (0K)
 Metaspace       used 3629K, capacity 5477K, committed 5632K, reserved 1056768K
  class space    used 323K, capacity 483K, committed 512K, reserved 1048576K
}
Event: 0.609 GC heap after
{Heap after GC invocations=1 (full 0):
 garbage-first heap   total 262144K, used 4252K [0x0000000701c00000, 0x0000000800000000)
  region size 1024K, 2 young (2048K), 2 survivors (2048K)
 Metaspace       used 3629K, capacity 5477K, committed 5632K, reserved 1056768K
  class space    used 323K, capacity 483K, committed 512K, reserved 1048576K
}
Event: 1.137 GC heap before
{Heap before GC invocations=1 (full 0):
 garbage-first heap   total 262144K, used 157852K [0x0000000701c00000, 0x0000000800000000)
  region size 1024K, 153 young (156672K), 2 survivors (2048K)
 Metaspace       used 6317K, capacity 7401K, committed 7424K, reserved 1056768K
  class space    used 642K, capacity 763K, committed 768K, reserved 1048576K
}
Event: 1.177 GC heap after
{Heap after GC invocations=2 (full 0):
 garbage-first heap   total 293888K, used 136990K [0x0000000701c00000, 0x0000000800000000)
  region size 1024K, 20 young (20480K), 20 survivors (20480K)
 Metaspace       used 6317K, capacity 7401K, committed 7424K, reserved 1056768K
  class space    used 642K, capacity 763K, committed 768K, reserved 1048576K
}
Event: 1.209 GC heap before
{Heap before GC invocations=2 (full 0):
 garbage-first heap   total 293888K, used 155422K [0x0000000701c00000, 0x0000000800000000)
  region size 1024K, 38 young (38912K), 20 survivors (20480K)
 Metaspace       used 6427K, capacity 7509K, committed 7808K, reserved 1056768K
  class space    used 657K, capacity 798K, committed 896K, reserved 1048576K
}
Event: 1.218 GC heap after
{Heap after GC invocations=3 (full 0):
 garbage-first heap   total 293888K, used 150528K [0x0000000701c00000, 0x0000000800000000)
  region size 1024K, 5 young (5120K), 5 survivors (5120K)
 Metaspace       used 6427K, capacity 7509K, committed 7808K, reserved 1056768K
  class space    used 657K, capacity 798K, committed 896K, reserved 1048576K
}

